<?xml version="1.0" encoding="UTF-8" ?>
<testsuite tests="10" failures="0" name="edu.ncsu.csc326.coffeemaker.MainTest" time="0.008" errors="0" skipped="0">
  <properties>
[...]
</properties>
  <testcase classname="edu.ncsu.csc326.coffeemaker.MainTest" name="testCheckInventory" time="0.006"/>
  <testcase classname="edu.ncsu.csc326.coffeemaker.MainTest" name="testMakeCoffee" time="0"/>
  <testcase classname="edu.ncsu.csc326.coffeemaker.MainTest" name="testAddInventoryException" time="0"/>
  <testcase classname="edu.ncsu.csc326.coffeemaker.MainTest" name="testAddInventory_Normal" time="0"/>
  <testcase classname="edu.ncsu.csc326.coffeemaker.MainTest" name="testDeleteARecipe" time="0"/>
  <testcase classname="edu.ncsu.csc326.coffeemaker.MainTest" name="testMakeCoffee_Normal" time="0"/>
  <testcase classname="edu.ncsu.csc326.coffeemaker.MainTest" name="testAddRecipe" time="0.001"/>
  <testcase classname="edu.ncsu.csc326.coffeemaker.MainTest" name="testEditRecipe" time="0"/>
  <testcase classname="edu.ncsu.csc326.coffeemaker.MainTest" name="testAddRecipeException" time="0.001"/>
  <testcase classname="edu.ncsu.csc326.coffeemaker.MainTest" name="testEditRecipeException" time="0"/>
</testsuite>